2018-07-08 09:14:29,544 [WARN] [main] o.s.b.t.j.DuplicateJsonObjectContextCustomizerFactory$DuplicateJsonObjectContextCustomizer [Jdk14Logger.java : 99] 

Found multiple occurrences of org.json.JSONObject on the class path:

	jar:file:/Users/rjz/.m2/repository/org/json/json/20140107/json-20140107.jar!/org/json/JSONObject.class
	jar:file:/Users/rjz/.m2/repository/com/vaadin/external/google/android-json/0.0.20131108.vaadin1/android-json-0.0.20131108.vaadin1.jar!/org/json/JSONObject.class

You may wish to exclude one of them to ensure predictable runtime behavior

2018-07-08 09:14:29,559 [INFO] [main] io.renren.RedisTest [Jdk14Logger.java : 99] Starting RedisTest on renjunzhoudemacbook-pro.home with PID 29069 (started by rjz in /Users/rjz/code/renren-security/renren-admin)
2018-07-08 09:14:29,559 [DEBUG] [main] io.renren.RedisTest [Jdk14Logger.java : 99] Running with Spring Boot v2.0.3.RELEASE, Spring v5.0.7.RELEASE
2018-07-08 09:14:29,559 [INFO] [main] io.renren.RedisTest [Jdk14Logger.java : 99] The following profiles are active: dev
2018-07-08 09:14:29,593 [INFO] [main] o.s.web.context.support.GenericWebApplicationContext [Jdk14Logger.java : 99] Refreshing org.springframework.web.context.support.GenericWebApplicationContext@1b955cac: startup date [Sun Jul 08 09:14:29 CEST 2018]; root of context hierarchy
2018-07-08 09:14:30,491 [INFO] [main] o.s.data.repository.config.RepositoryConfigurationDelegate [RepositoryConfigurationDelegate.java : 163] Multiple Spring Data modules found, entering strict repository configuration mode!
2018-07-08 09:14:30,736 [INFO] [main] o.s.data.repository.config.RepositoryConfigurationDelegate [RepositoryConfigurationDelegate.java : 163] Multiple Spring Data modules found, entering strict repository configuration mode!
2018-07-08 09:14:30,762 [INFO] [main] o.s.d.r.config.RepositoryConfigurationExtensionSupport [RepositoryConfigurationExtensionSupport.java : 297] Spring Data Redis - Could not safely identify store assignment for repository candidate interface io.renren.modules.oss.dao.SysOssDao.
2018-07-08 09:14:30,764 [INFO] [main] o.s.d.r.config.RepositoryConfigurationExtensionSupport [RepositoryConfigurationExtensionSupport.java : 297] Spring Data Redis - Could not safely identify store assignment for repository candidate interface io.renren.modules.sys.dao.SysConfigDao.
2018-07-08 09:14:30,765 [INFO] [main] o.s.d.r.config.RepositoryConfigurationExtensionSupport [RepositoryConfigurationExtensionSupport.java : 297] Spring Data Redis - Could not safely identify store assignment for repository candidate interface io.renren.modules.sys.dao.SysDeptDao.
2018-07-08 09:14:30,768 [INFO] [main] o.s.d.r.config.RepositoryConfigurationExtensionSupport [RepositoryConfigurationExtensionSupport.java : 297] Spring Data Redis - Could not safely identify store assignment for repository candidate interface io.renren.modules.sys.dao.SysDictDao.
2018-07-08 09:14:30,768 [INFO] [main] o.s.d.r.config.RepositoryConfigurationExtensionSupport [RepositoryConfigurationExtensionSupport.java : 297] Spring Data Redis - Could not safely identify store assignment for repository candidate interface io.renren.modules.sys.dao.SysLogDao.
2018-07-08 09:14:30,769 [INFO] [main] o.s.d.r.config.RepositoryConfigurationExtensionSupport [RepositoryConfigurationExtensionSupport.java : 297] Spring Data Redis - Could not safely identify store assignment for repository candidate interface io.renren.modules.sys.dao.SysMenuDao.
2018-07-08 09:14:30,769 [INFO] [main] o.s.d.r.config.RepositoryConfigurationExtensionSupport [RepositoryConfigurationExtensionSupport.java : 297] Spring Data Redis - Could not safely identify store assignment for repository candidate interface io.renren.modules.sys.dao.SysRoleDao.
2018-07-08 09:14:30,769 [INFO] [main] o.s.d.r.config.RepositoryConfigurationExtensionSupport [RepositoryConfigurationExtensionSupport.java : 297] Spring Data Redis - Could not safely identify store assignment for repository candidate interface io.renren.modules.sys.dao.SysRoleDeptDao.
2018-07-08 09:14:30,770 [INFO] [main] o.s.d.r.config.RepositoryConfigurationExtensionSupport [RepositoryConfigurationExtensionSupport.java : 297] Spring Data Redis - Could not safely identify store assignment for repository candidate interface io.renren.modules.sys.dao.SysRoleMenuDao.
2018-07-08 09:14:30,770 [INFO] [main] o.s.d.r.config.RepositoryConfigurationExtensionSupport [RepositoryConfigurationExtensionSupport.java : 297] Spring Data Redis - Could not safely identify store assignment for repository candidate interface io.renren.modules.sys.dao.SysUserDao.
2018-07-08 09:14:30,770 [INFO] [main] o.s.d.r.config.RepositoryConfigurationExtensionSupport [RepositoryConfigurationExtensionSupport.java : 297] Spring Data Redis - Could not safely identify store assignment for repository candidate interface io.renren.modules.sys.dao.SysUserRoleDao.
2018-07-08 09:14:31,196 [INFO] [main] o.s.c.s.PostProcessorRegistrationDelegate$BeanPostProcessorChecker [Jdk14Logger.java : 99] Bean 'shiroConfig' of type [io.renren.common.config.ShiroConfig$$EnhancerBySpringCGLIB$$25afec2a] is not eligible for getting processed by all BeanPostProcessors (for example: not eligible for auto-proxying)
2018-07-08 09:14:31,281 [INFO] [main] o.s.c.s.PostProcessorRegistrationDelegate$BeanPostProcessorChecker [Jdk14Logger.java : 99] Bean '(inner bean)#459b6c53' of type [org.springframework.beans.factory.config.PropertiesFactoryBean] is not eligible for getting processed by all BeanPostProcessors (for example: not eligible for auto-proxying)
2018-07-08 09:14:31,282 [INFO] [main] o.s.c.s.PostProcessorRegistrationDelegate$BeanPostProcessorChecker [Jdk14Logger.java : 99] Bean '(inner bean)#459b6c53' of type [java.util.Properties] is not eligible for getting processed by all BeanPostProcessors (for example: not eligible for auto-proxying)
2018-07-08 09:14:31,285 [INFO] [main] o.s.c.s.PostProcessorRegistrationDelegate$BeanPostProcessorChecker [Jdk14Logger.java : 99] Bean '(inner bean)#1cdc1bbc' of type [org.springframework.data.repository.core.support.PropertiesBasedNamedQueries] is not eligible for getting processed by all BeanPostProcessors (for example: not eligible for auto-proxying)
2018-07-08 09:14:31,292 [INFO] [main] o.s.c.s.PostProcessorRegistrationDelegate$BeanPostProcessorChecker [Jdk14Logger.java : 99] Bean '(inner bean)#61ab89b0' of type [org.springframework.data.repository.core.support.RepositoryFragmentsFactoryBean] is not eligible for getting processed by all BeanPostProcessors (for example: not eligible for auto-proxying)
2018-07-08 09:14:31,293 [INFO] [main] o.s.c.s.PostProcessorRegistrationDelegate$BeanPostProcessorChecker [Jdk14Logger.java : 99] Bean '(inner bean)#61ab89b0' of type [org.springframework.data.repository.core.support.RepositoryComposition$RepositoryFragments] is not eligible for getting processed by all BeanPostProcessors (for example: not eligible for auto-proxying)
2018-07-08 09:14:31,300 [INFO] [main] o.s.c.s.PostProcessorRegistrationDelegate$BeanPostProcessorChecker [Jdk14Logger.java : 99] Bean '(inner bean)#3cad68df' of type [org.springframework.data.repository.query.ExtensionAwareEvaluationContextProvider] is not eligible for getting processed by all BeanPostProcessors (for example: not eligible for auto-proxying)
2018-07-08 09:14:31,307 [INFO] [main] o.s.c.s.PostProcessorRegistrationDelegate$BeanPostProcessorChecker [Jdk14Logger.java : 99] Bean 'com.alibaba.druid.spring.boot.autoconfigure.DruidDataSourceAutoConfigure' of type [com.alibaba.druid.spring.boot.autoconfigure.DruidDataSourceAutoConfigure$$EnhancerBySpringCGLIB$$9950a793] is not eligible for getting processed by all BeanPostProcessors (for example: not eligible for auto-proxying)
2018-07-08 09:14:31,310 [INFO] [main] c.a.d.spring.boot.autoconfigure.DruidDataSourceAutoConfigure [DruidDataSourceAutoConfigure.java : 56] Init DruidDataSource
2018-07-08 09:14:31,376 [INFO] [main] o.s.c.s.PostProcessorRegistrationDelegate$BeanPostProcessorChecker [Jdk14Logger.java : 99] Bean 'org.springframework.boot.context.properties.ConversionServiceDeducer$Factory' of type [org.springframework.boot.context.properties.ConversionServiceDeducer$Factory] is not eligible for getting processed by all BeanPostProcessors (for example: not eligible for auto-proxying)
2018-07-08 09:14:31,389 [INFO] [main] o.s.c.s.PostProcessorRegistrationDelegate$BeanPostProcessorChecker [Jdk14Logger.java : 99] Bean 'spring.datasource-org.springframework.boot.autoconfigure.jdbc.DataSourceProperties' of type [org.springframework.boot.autoconfigure.jdbc.DataSourceProperties] is not eligible for getting processed by all BeanPostProcessors (for example: not eligible for auto-proxying)
2018-07-08 09:14:31,395 [INFO] [main] o.s.c.s.PostProcessorRegistrationDelegate$BeanPostProcessorChecker [Jdk14Logger.java : 99] Bean 'com.alibaba.druid.spring.boot.autoconfigure.stat.DruidFilterConfiguration' of type [com.alibaba.druid.spring.boot.autoconfigure.stat.DruidFilterConfiguration] is not eligible for getting processed by all BeanPostProcessors (for example: not eligible for auto-proxying)
2018-07-08 09:14:31,441 [INFO] [main] o.s.c.s.PostProcessorRegistrationDelegate$BeanPostProcessorChecker [Jdk14Logger.java : 99] Bean 'statFilter' of type [com.alibaba.druid.filter.stat.StatFilter] is not eligible for getting processed by all BeanPostProcessors (for example: not eligible for auto-proxying)
2018-07-08 09:14:31,477 [ERROR] [main] com.alibaba.druid.pool.DruidDataSource [DruidDataSource.java : 1070] testWhileIdle is true, validationQuery not set
2018-07-08 09:14:31,489 [INFO] [main] com.alibaba.druid.pool.DruidDataSource [DruidDataSource.java : 930] {dataSource-1} inited
2018-07-08 09:14:31,490 [INFO] [main] o.s.c.s.PostProcessorRegistrationDelegate$BeanPostProcessorChecker [Jdk14Logger.java : 99] Bean 'dataSource' of type [com.alibaba.druid.spring.boot.autoconfigure.DruidDataSourceWrapper] is not eligible for getting processed by all BeanPostProcessors (for example: not eligible for auto-proxying)
2018-07-08 09:14:31,503 [INFO] [main] o.s.c.s.PostProcessorRegistrationDelegate$BeanPostProcessorChecker [Jdk14Logger.java : 99] Bean 'spring.jpa-org.springframework.boot.autoconfigure.orm.jpa.JpaProperties' of type [org.springframework.boot.autoconfigure.orm.jpa.JpaProperties] is not eligible for getting processed by all BeanPostProcessors (for example: not eligible for auto-proxying)
2018-07-08 09:14:31,513 [INFO] [main] o.s.c.s.PostProcessorRegistrationDelegate$BeanPostProcessorChecker [Jdk14Logger.java : 99] Bean 'org.springframework.boot.autoconfigure.transaction.TransactionAutoConfiguration' of type [org.springframework.boot.autoconfigure.transaction.TransactionAutoConfiguration$$EnhancerBySpringCGLIB$$1418ad2b] is not eligible for getting processed by all BeanPostProcessors (for example: not eligible for auto-proxying)
2018-07-08 09:14:31,525 [INFO] [main] o.s.c.s.PostProcessorRegistrationDelegate$BeanPostProcessorChecker [Jdk14Logger.java : 99] Bean 'spring.transaction-org.springframework.boot.autoconfigure.transaction.TransactionProperties' of type [org.springframework.boot.autoconfigure.transaction.TransactionProperties] is not eligible for getting processed by all BeanPostProcessors (for example: not eligible for auto-proxying)
2018-07-08 09:14:31,529 [INFO] [main] o.s.c.s.PostProcessorRegistrationDelegate$BeanPostProcessorChecker [Jdk14Logger.java : 99] Bean 'platformTransactionManagerCustomizers' of type [org.springframework.boot.autoconfigure.transaction.TransactionManagerCustomizers] is not eligible for getting processed by all BeanPostProcessors (for example: not eligible for auto-proxying)
2018-07-08 09:14:31,536 [INFO] [main] o.s.c.s.PostProcessorRegistrationDelegate$BeanPostProcessorChecker [Jdk14Logger.java : 99] Bean 'org.springframework.boot.autoconfigure.jdbc.metadata.DataSourcePoolMetadataProvidersConfiguration$HikariPoolDataSourceMetadataProviderConfiguration' of type [org.springframework.boot.autoconfigure.jdbc.metadata.DataSourcePoolMetadataProvidersConfiguration$HikariPoolDataSourceMetadataProviderConfiguration$$EnhancerBySpringCGLIB$$dffbda05] is not eligible for getting processed by all BeanPostProcessors (for example: not eligible for auto-proxying)
2018-07-08 09:14:31,542 [INFO] [main] o.s.c.s.PostProcessorRegistrationDelegate$BeanPostProcessorChecker [Jdk14Logger.java : 99] Bean 'hikariPoolDataSourceMetadataProvider' of type [org.springframework.boot.autoconfigure.jdbc.metadata.DataSourcePoolMetadataProvidersConfiguration$HikariPoolDataSourceMetadataProviderConfiguration$$Lambda$306/1977776214] is not eligible for getting processed by all BeanPostProcessors (for example: not eligible for auto-proxying)
2018-07-08 09:14:31,556 [INFO] [main] o.s.c.s.PostProcessorRegistrationDelegate$BeanPostProcessorChecker [Jdk14Logger.java : 99] Bean 'org.springframework.boot.autoconfigure.orm.jpa.HibernateJpaConfiguration' of type [org.springframework.boot.autoconfigure.orm.jpa.HibernateJpaConfiguration$$EnhancerBySpringCGLIB$$9e7b7490] is not eligible for getting processed by all BeanPostProcessors (for example: not eligible for auto-proxying)
2018-07-08 09:14:31,585 [INFO] [main] o.s.c.s.PostProcessorRegistrationDelegate$BeanPostProcessorChecker [Jdk14Logger.java : 99] Bean 'jpaVendorAdapter' of type [org.springframework.orm.jpa.vendor.HibernateJpaVendorAdapter] is not eligible for getting processed by all BeanPostProcessors (for example: not eligible for auto-proxying)
2018-07-08 09:14:31,589 [INFO] [main] o.s.c.s.PostProcessorRegistrationDelegate$BeanPostProcessorChecker [Jdk14Logger.java : 99] Bean 'entityManagerFactoryBuilder' of type [org.springframework.boot.orm.jpa.EntityManagerFactoryBuilder] is not eligible for getting processed by all BeanPostProcessors (for example: not eligible for auto-proxying)
2018-07-08 09:14:31,620 [INFO] [main] o.s.orm.jpa.LocalContainerEntityManagerFactoryBean [Jdk14Logger.java : 99] Building JPA container EntityManagerFactory for persistence unit 'default'
2018-07-08 09:14:31,641 [INFO] [main] org.hibernate.jpa.internal.util.LogHelper [LogHelper.java : 31] HHH000204: Processing PersistenceUnitInfo [
	name: default
	...]
2018-07-08 09:14:31,746 [INFO] [main] org.hibernate.Version [Version.java : 45] HHH000412: Hibernate Core {5.2.17.Final}
2018-07-08 09:14:31,748 [INFO] [main] org.hibernate.cfg.Environment [Environment.java : 213] HHH000206: hibernate.properties not found
2018-07-08 09:14:31,803 [INFO] [main] org.hibernate.annotations.common.Version [JavaReflectionManager.java : 66] HCANN000001: Hibernate Commons Annotations {5.0.1.Final}
2018-07-08 09:14:32,140 [INFO] [main] org.hibernate.dialect.Dialect [Dialect.java : 157] HHH000400: Using dialect: org.hibernate.dialect.H2Dialect
2018-07-08 09:14:32,857 [INFO] [main] org.hibernate.tool.schema.internal.SchemaCreatorImpl [SchemaCreatorImpl.java : 489] HHH000476: Executing import script 'org.hibernate.tool.schema.internal.exec.ScriptSourceInputNonExistentImpl@3cf55e0c'
2018-07-08 09:14:32,865 [INFO] [main] org.hibernate.hql.internal.QueryTranslatorFactoryInitiator [QueryTranslatorFactoryInitiator.java : 47] HHH000397: Using ASTQueryTranslatorFactory
2018-07-08 09:14:32,947 [INFO] [main] o.s.orm.jpa.LocalContainerEntityManagerFactoryBean [Jdk14Logger.java : 99] Initialized JPA EntityManagerFactory for persistence unit 'default'
2018-07-08 09:14:32,950 [INFO] [main] o.s.c.s.PostProcessorRegistrationDelegate$BeanPostProcessorChecker [Jdk14Logger.java : 99] Bean 'entityManagerFactory' of type [org.springframework.orm.jpa.LocalContainerEntityManagerFactoryBean] is not eligible for getting processed by all BeanPostProcessors (for example: not eligible for auto-proxying)
2018-07-08 09:14:32,950 [INFO] [main] o.s.c.s.PostProcessorRegistrationDelegate$BeanPostProcessorChecker [Jdk14Logger.java : 99] Bean 'entityManagerFactory' of type [com.sun.proxy.$Proxy105] is not eligible for getting processed by all BeanPostProcessors (for example: not eligible for auto-proxying)
2018-07-08 09:14:32,966 [INFO] [main] o.s.c.s.PostProcessorRegistrationDelegate$BeanPostProcessorChecker [Jdk14Logger.java : 99] Bean '(inner bean)#414f13fc' of type [com.sun.proxy.$Proxy106] is not eligible for getting processed by all BeanPostProcessors (for example: not eligible for auto-proxying)
2018-07-08 09:14:33,087 [INFO] [main] o.s.c.s.PostProcessorRegistrationDelegate$BeanPostProcessorChecker [Jdk14Logger.java : 99] Bean 'jpaMappingContext' of type [org.springframework.data.jpa.repository.config.JpaMetamodelMappingContextFactoryBean] is not eligible for getting processed by all BeanPostProcessors (for example: not eligible for auto-proxying)
2018-07-08 09:14:33,088 [INFO] [main] o.s.c.s.PostProcessorRegistrationDelegate$BeanPostProcessorChecker [Jdk14Logger.java : 99] Bean 'jpaMappingContext' of type [org.springframework.data.jpa.mapping.JpaMetamodelMappingContext] is not eligible for getting processed by all BeanPostProcessors (for example: not eligible for auto-proxying)
2018-07-08 09:14:33,284 [INFO] [main] o.s.c.s.PostProcessorRegistrationDelegate$BeanPostProcessorChecker [Jdk14Logger.java : 99] Bean 'sysUserDao' of type [org.springframework.data.jpa.repository.support.JpaRepositoryFactoryBean] is not eligible for getting processed by all BeanPostProcessors (for example: not eligible for auto-proxying)
2018-07-08 09:14:33,285 [INFO] [main] o.s.c.s.PostProcessorRegistrationDelegate$BeanPostProcessorChecker [Jdk14Logger.java : 99] Bean 'sysUserDao' of type [com.sun.proxy.$Proxy109] is not eligible for getting processed by all BeanPostProcessors (for example: not eligible for auto-proxying)
2018-07-08 09:14:33,290 [INFO] [main] o.s.c.s.PostProcessorRegistrationDelegate$BeanPostProcessorChecker [Jdk14Logger.java : 99] Bean '(inner bean)#3c3e363' of type [org.springframework.beans.factory.config.PropertiesFactoryBean] is not eligible for getting processed by all BeanPostProcessors (for example: not eligible for auto-proxying)
2018-07-08 09:14:33,291 [INFO] [main] o.s.c.s.PostProcessorRegistrationDelegate$BeanPostProcessorChecker [Jdk14Logger.java : 99] Bean '(inner bean)#3c3e363' of type [java.util.Properties] is not eligible for getting processed by all BeanPostProcessors (for example: not eligible for auto-proxying)
2018-07-08 09:14:33,292 [INFO] [main] o.s.c.s.PostProcessorRegistrationDelegate$BeanPostProcessorChecker [Jdk14Logger.java : 99] Bean '(inner bean)#350bbd5d' of type [org.springframework.data.repository.core.support.PropertiesBasedNamedQueries] is not eligible for getting processed by all BeanPostProcessors (for example: not eligible for auto-proxying)
2018-07-08 09:14:33,294 [INFO] [main] o.s.c.s.PostProcessorRegistrationDelegate$BeanPostProcessorChecker [Jdk14Logger.java : 99] Bean '(inner bean)#3b4bd341' of type [org.springframework.data.repository.core.support.RepositoryFragmentsFactoryBean] is not eligible for getting processed by all BeanPostProcessors (for example: not eligible for auto-proxying)
2018-07-08 09:14:33,295 [INFO] [main] o.s.c.s.PostProcessorRegistrationDelegate$BeanPostProcessorChecker [Jdk14Logger.java : 99] Bean '(inner bean)#3b4bd341' of type [org.springframework.data.repository.core.support.RepositoryComposition$RepositoryFragments] is not eligible for getting processed by all BeanPostProcessors (for example: not eligible for auto-proxying)
2018-07-08 09:14:33,296 [INFO] [main] o.s.c.s.PostProcessorRegistrationDelegate$BeanPostProcessorChecker [Jdk14Logger.java : 99] Bean '(inner bean)#255ed8e4' of type [org.springframework.data.repository.query.ExtensionAwareEvaluationContextProvider] is not eligible for getting processed by all BeanPostProcessors (for example: not eligible for auto-proxying)
2018-07-08 09:14:33,297 [INFO] [main] o.s.c.s.PostProcessorRegistrationDelegate$BeanPostProcessorChecker [Jdk14Logger.java : 99] Bean '(inner bean)#2a7bc16b' of type [com.sun.proxy.$Proxy106] is not eligible for getting processed by all BeanPostProcessors (for example: not eligible for auto-proxying)
2018-07-08 09:14:33,399 [INFO] [main] o.s.c.s.PostProcessorRegistrationDelegate$BeanPostProcessorChecker [Jdk14Logger.java : 99] Bean 'sysMenuDao' of type [org.springframework.data.jpa.repository.support.JpaRepositoryFactoryBean] is not eligible for getting processed by all BeanPostProcessors (for example: not eligible for auto-proxying)
2018-07-08 09:14:33,400 [INFO] [main] o.s.c.s.PostProcessorRegistrationDelegate$BeanPostProcessorChecker [Jdk14Logger.java : 99] Bean 'sysMenuDao' of type [com.sun.proxy.$Proxy110] is not eligible for getting processed by all BeanPostProcessors (for example: not eligible for auto-proxying)
2018-07-08 09:14:33,401 [INFO] [main] o.s.c.s.PostProcessorRegistrationDelegate$BeanPostProcessorChecker [Jdk14Logger.java : 99] Bean 'userRealm' of type [io.renren.modules.sys.shiro.UserRealm] is not eligible for getting processed by all BeanPostProcessors (for example: not eligible for auto-proxying)
2018-07-08 09:14:33,432 [INFO] [main] o.s.c.s.PostProcessorRegistrationDelegate$BeanPostProcessorChecker [Jdk14Logger.java : 99] Bean 'spring.redis-org.springframework.boot.autoconfigure.data.redis.RedisProperties' of type [org.springframework.boot.autoconfigure.data.redis.RedisProperties] is not eligible for getting processed by all BeanPostProcessors (for example: not eligible for auto-proxying)
2018-07-08 09:14:33,441 [INFO] [main] o.s.c.s.PostProcessorRegistrationDelegate$BeanPostProcessorChecker [Jdk14Logger.java : 99] Bean 'org.springframework.boot.autoconfigure.data.redis.LettuceConnectionConfiguration' of type [org.springframework.boot.autoconfigure.data.redis.LettuceConnectionConfiguration$$EnhancerBySpringCGLIB$$94be706b] is not eligible for getting processed by all BeanPostProcessors (for example: not eligible for auto-proxying)
2018-07-08 09:14:33,564 [INFO] [main] o.s.c.s.PostProcessorRegistrationDelegate$BeanPostProcessorChecker [Jdk14Logger.java : 99] Bean 'lettuceClientResources' of type [io.lettuce.core.resource.DefaultClientResources] is not eligible for getting processed by all BeanPostProcessors (for example: not eligible for auto-proxying)
2018-07-08 09:14:33,816 [INFO] [main] o.s.c.s.PostProcessorRegistrationDelegate$BeanPostProcessorChecker [Jdk14Logger.java : 99] Bean 'redisConnectionFactory' of type [org.springframework.data.redis.connection.lettuce.LettuceConnectionFactory] is not eligible for getting processed by all BeanPostProcessors (for example: not eligible for auto-proxying)
2018-07-08 09:14:33,820 [INFO] [main] o.s.c.s.PostProcessorRegistrationDelegate$BeanPostProcessorChecker [Jdk14Logger.java : 99] Bean 'redisConfig' of type [io.renren.common.config.RedisConfig$$EnhancerBySpringCGLIB$$707e7374] is not eligible for getting processed by all BeanPostProcessors (for example: not eligible for auto-proxying)
2018-07-08 09:14:33,840 [INFO] [main] o.s.c.s.PostProcessorRegistrationDelegate$BeanPostProcessorChecker [Jdk14Logger.java : 99] Bean 'redisTemplate' of type [org.springframework.data.redis.core.RedisTemplate] is not eligible for getting processed by all BeanPostProcessors (for example: not eligible for auto-proxying)
2018-07-08 09:14:33,841 [INFO] [main] o.s.c.s.PostProcessorRegistrationDelegate$BeanPostProcessorChecker [Jdk14Logger.java : 99] Bean 'redisShiroSessionDAO' of type [io.renren.modules.sys.shiro.RedisShiroSessionDAO] is not eligible for getting processed by all BeanPostProcessors (for example: not eligible for auto-proxying)
2018-07-08 09:14:33,855 [INFO] [main] o.s.c.s.PostProcessorRegistrationDelegate$BeanPostProcessorChecker [Jdk14Logger.java : 99] Bean 'sessionManager' of type [org.apache.shiro.web.session.mgt.DefaultWebSessionManager] is not eligible for getting processed by all BeanPostProcessors (for example: not eligible for auto-proxying)
2018-07-08 09:14:34,053 [INFO] [main] o.s.c.s.PostProcessorRegistrationDelegate$BeanPostProcessorChecker [Jdk14Logger.java : 99] Bean 'securityManager' of type [org.apache.shiro.web.mgt.DefaultWebSecurityManager] is not eligible for getting processed by all BeanPostProcessors (for example: not eligible for auto-proxying)
2018-07-08 09:14:34,107 [INFO] [main] o.s.c.s.PostProcessorRegistrationDelegate$BeanPostProcessorChecker [Jdk14Logger.java : 99] Bean 'authorizationAttributeSourceAdvisor' of type [org.apache.shiro.spring.security.interceptor.AuthorizationAttributeSourceAdvisor] is not eligible for getting processed by all BeanPostProcessors (for example: not eligible for auto-proxying)
2018-07-08 09:14:34,144 [INFO] [main] o.s.c.s.PostProcessorRegistrationDelegate$BeanPostProcessorChecker [Jdk14Logger.java : 99] Bean 'org.springframework.transaction.annotation.ProxyTransactionManagementConfiguration' of type [org.springframework.transaction.annotation.ProxyTransactionManagementConfiguration$$EnhancerBySpringCGLIB$$7fa4b221] is not eligible for getting processed by all BeanPostProcessors (for example: not eligible for auto-proxying)
2018-07-08 09:14:35,844 [WARN] [main] o.s.b.a.o.j.JpaBaseConfiguration$JpaWebConfiguration$JpaWebMvcConfiguration [Jdk14Logger.java : 99] spring.jpa.open-in-view is enabled by default. Therefore, database queries may be performed during view rendering. Explicitly configure spring.jpa.open-in-view to disable this warning
2018-07-08 09:14:35,952 [INFO] [main] o.s.w.s.mvc.method.annotation.RequestMappingHandlerMapping [Jdk14Logger.java : 99] Mapped "{[/sys/oss/delete]}" onto public io.renren.common.utils.R io.renren.modules.oss.controller.SysOssController.delete(java.lang.Long[])
2018-07-08 09:14:35,954 [INFO] [main] o.s.w.s.mvc.method.annotation.RequestMappingHandlerMapping [Jdk14Logger.java : 99] Mapped "{[/sys/oss/list]}" onto public io.renren.common.utils.R io.renren.modules.oss.controller.SysOssController.list(java.util.Map<java.lang.String, java.lang.Object>)
2018-07-08 09:14:35,955 [INFO] [main] o.s.w.s.mvc.method.annotation.RequestMappingHandlerMapping [Jdk14Logger.java : 99] Mapped "{[/sys/oss/config]}" onto public io.renren.common.utils.R io.renren.modules.oss.controller.SysOssController.config()
2018-07-08 09:14:35,956 [INFO] [main] o.s.w.s.mvc.method.annotation.RequestMappingHandlerMapping [Jdk14Logger.java : 99] Mapped "{[/sys/oss/saveConfig]}" onto public io.renren.common.utils.R io.renren.modules.oss.controller.SysOssController.saveConfig(io.renren.modules.oss.cloud.CloudStorageConfig)
2018-07-08 09:14:35,964 [INFO] [main] o.s.w.s.mvc.method.annotation.RequestMappingHandlerMapping [Jdk14Logger.java : 99] Mapped "{[/sys/oss/upload]}" onto public io.renren.common.utils.R io.renren.modules.oss.controller.SysOssController.upload(org.springframework.web.multipart.MultipartFile) throws java.lang.Exception
2018-07-08 09:14:35,966 [INFO] [main] o.s.w.s.mvc.method.annotation.RequestMappingHandlerMapping [Jdk14Logger.java : 99] Mapped "{[/sys/config/update]}" onto public io.renren.common.utils.R io.renren.modules.sys.controller.SysConfigController.update(io.renren.modules.sys.entity.SysConfigEntity)
2018-07-08 09:14:35,967 [INFO] [main] o.s.w.s.mvc.method.annotation.RequestMappingHandlerMapping [Jdk14Logger.java : 99] Mapped "{[/sys/config/delete]}" onto public io.renren.common.utils.R io.renren.modules.sys.controller.SysConfigController.delete(java.lang.Long[])
2018-07-08 09:14:35,968 [INFO] [main] o.s.w.s.mvc.method.annotation.RequestMappingHandlerMapping [Jdk14Logger.java : 99] Mapped "{[/sys/config/list]}" onto public io.renren.common.utils.R io.renren.modules.sys.controller.SysConfigController.list(java.util.Map<java.lang.String, java.lang.Object>)
2018-07-08 09:14:35,968 [INFO] [main] o.s.w.s.mvc.method.annotation.RequestMappingHandlerMapping [Jdk14Logger.java : 99] Mapped "{[/sys/config/save]}" onto public io.renren.common.utils.R io.renren.modules.sys.controller.SysConfigController.save(io.renren.modules.sys.entity.SysConfigEntity)
2018-07-08 09:14:35,969 [INFO] [main] o.s.w.s.mvc.method.annotation.RequestMappingHandlerMapping [Jdk14Logger.java : 99] Mapped "{[/sys/config/info/{id}]}" onto public io.renren.common.utils.R io.renren.modules.sys.controller.SysConfigController.info(java.lang.Long)
2018-07-08 09:14:35,973 [INFO] [main] o.s.w.s.mvc.method.annotation.RequestMappingHandlerMapping [Jdk14Logger.java : 99] Mapped "{[/sys/dept/update]}" onto public io.renren.common.utils.R io.renren.modules.sys.controller.SysDeptController.update(io.renren.modules.sys.entity.SysDeptEntity)
2018-07-08 09:14:35,974 [INFO] [main] o.s.w.s.mvc.method.annotation.RequestMappingHandlerMapping [Jdk14Logger.java : 99] Mapped "{[/sys/dept/delete]}" onto public io.renren.common.utils.R io.renren.modules.sys.controller.SysDeptController.delete(long)
2018-07-08 09:14:35,975 [INFO] [main] o.s.w.s.mvc.method.annotation.RequestMappingHandlerMapping [Jdk14Logger.java : 99] Mapped "{[/sys/dept/list]}" onto public java.util.List<io.renren.modules.sys.entity.SysDeptEntity> io.renren.modules.sys.controller.SysDeptController.list()
2018-07-08 09:14:35,975 [INFO] [main] o.s.w.s.mvc.method.annotation.RequestMappingHandlerMapping [Jdk14Logger.java : 99] Mapped "{[/sys/dept/save]}" onto public io.renren.common.utils.R io.renren.modules.sys.controller.SysDeptController.save(io.renren.modules.sys.entity.SysDeptEntity)
2018-07-08 09:14:35,976 [INFO] [main] o.s.w.s.mvc.method.annotation.RequestMappingHandlerMapping [Jdk14Logger.java : 99] Mapped "{[/sys/dept/info/{deptId}]}" onto public io.renren.common.utils.R io.renren.modules.sys.controller.SysDeptController.info(java.lang.Long)
2018-07-08 09:14:35,977 [INFO] [main] o.s.w.s.mvc.method.annotation.RequestMappingHandlerMapping [Jdk14Logger.java : 99] Mapped "{[/sys/dept/info]}" onto public io.renren.common.utils.R io.renren.modules.sys.controller.SysDeptController.info()
2018-07-08 09:14:35,977 [INFO] [main] o.s.w.s.mvc.method.annotation.RequestMappingHandlerMapping [Jdk14Logger.java : 99] Mapped "{[/sys/dept/select]}" onto public io.renren.common.utils.R io.renren.modules.sys.controller.SysDeptController.select()
2018-07-08 09:14:35,979 [INFO] [main] o.s.w.s.mvc.method.annotation.RequestMappingHandlerMapping [Jdk14Logger.java : 99] Mapped "{[/sys/dict/update]}" onto public io.renren.common.utils.R io.renren.modules.sys.controller.SysDictController.update(io.renren.modules.sys.entity.SysDictEntity)
2018-07-08 09:14:35,980 [INFO] [main] o.s.w.s.mvc.method.annotation.RequestMappingHandlerMapping [Jdk14Logger.java : 99] Mapped "{[/sys/dict/delete]}" onto public io.renren.common.utils.R io.renren.modules.sys.controller.SysDictController.delete(java.lang.Long[])
2018-07-08 09:14:35,981 [INFO] [main] o.s.w.s.mvc.method.annotation.RequestMappingHandlerMapping [Jdk14Logger.java : 99] Mapped "{[/sys/dict/list]}" onto public io.renren.common.utils.R io.renren.modules.sys.controller.SysDictController.list(java.util.Map<java.lang.String, java.lang.Object>)
2018-07-08 09:14:35,981 [INFO] [main] o.s.w.s.mvc.method.annotation.RequestMappingHandlerMapping [Jdk14Logger.java : 99] Mapped "{[/sys/dict/save]}" onto public io.renren.common.utils.R io.renren.modules.sys.controller.SysDictController.save(io.renren.modules.sys.entity.SysDictEntity)
2018-07-08 09:14:35,982 [INFO] [main] o.s.w.s.mvc.method.annotation.RequestMappingHandlerMapping [Jdk14Logger.java : 99] Mapped "{[/sys/dict/info/{id}]}" onto public io.renren.common.utils.R io.renren.modules.sys.controller.SysDictController.info(java.lang.Long)
2018-07-08 09:14:35,983 [INFO] [main] o.s.w.s.mvc.method.annotation.RequestMappingHandlerMapping [Jdk14Logger.java : 99] Mapped "{[/sys/log/list]}" onto public io.renren.common.utils.R io.renren.modules.sys.controller.SysLogController.list(java.util.Map<java.lang.String, java.lang.Object>)
2018-07-08 09:14:35,984 [INFO] [main] o.s.w.s.mvc.method.annotation.RequestMappingHandlerMapping [Jdk14Logger.java : 99] Mapped "{[/sys/login],methods=[POST]}" onto public io.renren.common.utils.R io.renren.modules.sys.controller.SysLoginController.login(java.lang.String,java.lang.String,java.lang.String)
2018-07-08 09:14:35,984 [INFO] [main] o.s.w.s.mvc.method.annotation.RequestMappingHandlerMapping [Jdk14Logger.java : 99] Mapped "{[/logout],methods=[GET]}" onto public java.lang.String io.renren.modules.sys.controller.SysLoginController.logout()
2018-07-08 09:14:35,985 [INFO] [main] o.s.w.s.mvc.method.annotation.RequestMappingHandlerMapping [Jdk14Logger.java : 99] Mapped "{[/captcha.jpg]}" onto public void io.renren.modules.sys.controller.SysLoginController.captcha(javax.servlet.http.HttpServletResponse) throws java.io.IOException
2018-07-08 09:14:35,987 [INFO] [main] o.s.w.s.mvc.method.annotation.RequestMappingHandlerMapping [Jdk14Logger.java : 99] Mapped "{[/sys/menu/update]}" onto public io.renren.common.utils.R io.renren.modules.sys.controller.SysMenuController.update(io.renren.modules.sys.entity.SysMenuEntity)
2018-07-08 09:14:35,987 [INFO] [main] o.s.w.s.mvc.method.annotation.RequestMappingHandlerMapping [Jdk14Logger.java : 99] Mapped "{[/sys/menu/delete]}" onto public io.renren.common.utils.R io.renren.modules.sys.controller.SysMenuController.delete(long)
2018-07-08 09:14:35,988 [INFO] [main] o.s.w.s.mvc.method.annotation.RequestMappingHandlerMapping [Jdk14Logger.java : 99] Mapped "{[/sys/menu/list]}" onto public java.util.List<io.renren.modules.sys.entity.SysMenuEntity> io.renren.modules.sys.controller.SysMenuController.list()
2018-07-08 09:14:35,989 [INFO] [main] o.s.w.s.mvc.method.annotation.RequestMappingHandlerMapping [Jdk14Logger.java : 99] Mapped "{[/sys/menu/save]}" onto public io.renren.common.utils.R io.renren.modules.sys.controller.SysMenuController.save(io.renren.modules.sys.entity.SysMenuEntity)
2018-07-08 09:14:35,990 [INFO] [main] o.s.w.s.mvc.method.annotation.RequestMappingHandlerMapping [Jdk14Logger.java : 99] Mapped "{[/sys/menu/info/{menuId}]}" onto public io.renren.common.utils.R io.renren.modules.sys.controller.SysMenuController.info(java.lang.Long)
2018-07-08 09:14:35,990 [INFO] [main] o.s.w.s.mvc.method.annotation.RequestMappingHandlerMapping [Jdk14Logger.java : 99] Mapped "{[/sys/menu/nav]}" onto public io.renren.common.utils.R io.renren.modules.sys.controller.SysMenuController.nav()
2018-07-08 09:14:35,991 [INFO] [main] o.s.w.s.mvc.method.annotation.RequestMappingHandlerMapping [Jdk14Logger.java : 99] Mapped "{[/sys/menu/select]}" onto public io.renren.common.utils.R io.renren.modules.sys.controller.SysMenuController.select()
2018-07-08 09:14:35,992 [INFO] [main] o.s.w.s.mvc.method.annotation.RequestMappingHandlerMapping [Jdk14Logger.java : 99] Mapped "{[/ || /index.html]}" onto public java.lang.String io.renren.modules.sys.controller.SysPageController.index()
2018-07-08 09:14:35,992 [INFO] [main] o.s.w.s.mvc.method.annotation.RequestMappingHandlerMapping [Jdk14Logger.java : 99] Mapped "{[/main.html]}" onto public java.lang.String io.renren.modules.sys.controller.SysPageController.main()
2018-07-08 09:14:35,993 [INFO] [main] o.s.w.s.mvc.method.annotation.RequestMappingHandlerMapping [Jdk14Logger.java : 99] Mapped "{[/login.html]}" onto public java.lang.String io.renren.modules.sys.controller.SysPageController.login()
2018-07-08 09:14:35,993 [INFO] [main] o.s.w.s.mvc.method.annotation.RequestMappingHandlerMapping [Jdk14Logger.java : 99] Mapped "{[/index1.html]}" onto public java.lang.String io.renren.modules.sys.controller.SysPageController.index1()
2018-07-08 09:14:35,994 [INFO] [main] o.s.w.s.mvc.method.annotation.RequestMappingHandlerMapping [Jdk14Logger.java : 99] Mapped "{[/modules/{module}/{url}.html]}" onto public java.lang.String io.renren.modules.sys.controller.SysPageController.module(java.lang.String,java.lang.String)
2018-07-08 09:14:35,994 [INFO] [main] o.s.w.s.mvc.method.annotation.RequestMappingHandlerMapping [Jdk14Logger.java : 99] Mapped "{[/404.html]}" onto public java.lang.String io.renren.modules.sys.controller.SysPageController.notFound()
2018-07-08 09:14:35,996 [INFO] [main] o.s.w.s.mvc.method.annotation.RequestMappingHandlerMapping [Jdk14Logger.java : 99] Mapped "{[/sys/role/update]}" onto public io.renren.common.utils.R io.renren.modules.sys.controller.SysRoleController.update(io.renren.modules.sys.entity.SysRoleEntity)
2018-07-08 09:14:35,996 [INFO] [main] o.s.w.s.mvc.method.annotation.RequestMappingHandlerMapping [Jdk14Logger.java : 99] Mapped "{[/sys/role/delete]}" onto public io.renren.common.utils.R io.renren.modules.sys.controller.SysRoleController.delete(java.lang.Long[])
2018-07-08 09:14:35,997 [INFO] [main] o.s.w.s.mvc.method.annotation.RequestMappingHandlerMapping [Jdk14Logger.java : 99] Mapped "{[/sys/role/list]}" onto public io.renren.common.utils.R io.renren.modules.sys.controller.SysRoleController.list(java.util.Map<java.lang.String, java.lang.Object>)
2018-07-08 09:14:35,998 [INFO] [main] o.s.w.s.mvc.method.annotation.RequestMappingHandlerMapping [Jdk14Logger.java : 99] Mapped "{[/sys/role/save]}" onto public io.renren.common.utils.R io.renren.modules.sys.controller.SysRoleController.save(io.renren.modules.sys.entity.SysRoleEntity)
2018-07-08 09:14:35,999 [INFO] [main] o.s.w.s.mvc.method.annotation.RequestMappingHandlerMapping [Jdk14Logger.java : 99] Mapped "{[/sys/role/info/{roleId}]}" onto public io.renren.common.utils.R io.renren.modules.sys.controller.SysRoleController.info(java.lang.Long)
2018-07-08 09:14:35,999 [INFO] [main] o.s.w.s.mvc.method.annotation.RequestMappingHandlerMapping [Jdk14Logger.java : 99] Mapped "{[/sys/role/select]}" onto public io.renren.common.utils.R io.renren.modules.sys.controller.SysRoleController.select()
2018-07-08 09:14:36,001 [INFO] [main] o.s.w.s.mvc.method.annotation.RequestMappingHandlerMapping [Jdk14Logger.java : 99] Mapped "{[/sys/user/update]}" onto public io.renren.common.utils.R io.renren.modules.sys.controller.SysUserController.update(io.renren.modules.sys.entity.SysUserEntity)
2018-07-08 09:14:36,002 [INFO] [main] o.s.w.s.mvc.method.annotation.RequestMappingHandlerMapping [Jdk14Logger.java : 99] Mapped "{[/sys/user/delete]}" onto public io.renren.common.utils.R io.renren.modules.sys.controller.SysUserController.delete(java.lang.Long[])
2018-07-08 09:14:36,003 [INFO] [main] o.s.w.s.mvc.method.annotation.RequestMappingHandlerMapping [Jdk14Logger.java : 99] Mapped "{[/sys/user/list]}" onto public io.renren.common.utils.R io.renren.modules.sys.controller.SysUserController.list(java.util.Map<java.lang.String, java.lang.Object>)
2018-07-08 09:14:36,004 [INFO] [main] o.s.w.s.mvc.method.annotation.RequestMappingHandlerMapping [Jdk14Logger.java : 99] Mapped "{[/sys/user/save]}" onto public io.renren.common.utils.R io.renren.modules.sys.controller.SysUserController.save(io.renren.modules.sys.entity.SysUserEntity)
2018-07-08 09:14:36,005 [INFO] [main] o.s.w.s.mvc.method.annotation.RequestMappingHandlerMapping [Jdk14Logger.java : 99] Mapped "{[/sys/user/password]}" onto public io.renren.common.utils.R io.renren.modules.sys.controller.SysUserController.password(java.lang.String,java.lang.String)
2018-07-08 09:14:36,005 [INFO] [main] o.s.w.s.mvc.method.annotation.RequestMappingHandlerMapping [Jdk14Logger.java : 99] Mapped "{[/sys/user/info/{userId}]}" onto public io.renren.common.utils.R io.renren.modules.sys.controller.SysUserController.info(java.lang.Long)
2018-07-08 09:14:36,006 [INFO] [main] o.s.w.s.mvc.method.annotation.RequestMappingHandlerMapping [Jdk14Logger.java : 99] Mapped "{[/sys/user/info]}" onto public io.renren.common.utils.R io.renren.modules.sys.controller.SysUserController.info()
2018-07-08 09:14:36,011 [INFO] [main] o.s.w.s.mvc.method.annotation.RequestMappingHandlerMapping [Jdk14Logger.java : 99] Mapped "{[/swagger-resources]}" onto public org.springframework.http.ResponseEntity<java.util.List<springfox.documentation.swagger.web.SwaggerResource>> springfox.documentation.swagger.web.ApiResourceController.swaggerResources()
2018-07-08 09:14:36,011 [INFO] [main] o.s.w.s.mvc.method.annotation.RequestMappingHandlerMapping [Jdk14Logger.java : 99] Mapped "{[/swagger-resources/configuration/security]}" onto public org.springframework.http.ResponseEntity<springfox.documentation.swagger.web.SecurityConfiguration> springfox.documentation.swagger.web.ApiResourceController.securityConfiguration()
2018-07-08 09:14:36,012 [INFO] [main] o.s.w.s.mvc.method.annotation.RequestMappingHandlerMapping [Jdk14Logger.java : 99] Mapped "{[/swagger-resources/configuration/ui]}" onto public org.springframework.http.ResponseEntity<springfox.documentation.swagger.web.UiConfiguration> springfox.documentation.swagger.web.ApiResourceController.uiConfiguration()
2018-07-08 09:14:36,017 [INFO] [main] o.s.w.s.mvc.method.annotation.RequestMappingHandlerMapping [Jdk14Logger.java : 99] Mapped "{[/error]}" onto public org.springframework.http.ResponseEntity<java.util.Map<java.lang.String, java.lang.Object>> org.springframework.boot.autoconfigure.web.servlet.error.BasicErrorController.error(javax.servlet.http.HttpServletRequest)
2018-07-08 09:14:36,018 [INFO] [main] o.s.w.s.mvc.method.annotation.RequestMappingHandlerMapping [Jdk14Logger.java : 99] Mapped "{[/error],produces=[text/html]}" onto public org.springframework.web.servlet.ModelAndView org.springframework.boot.autoconfigure.web.servlet.error.BasicErrorController.errorHtml(javax.servlet.http.HttpServletRequest,javax.servlet.http.HttpServletResponse)
2018-07-08 09:14:36,306 [INFO] [main] o.s.web.servlet.view.freemarker.FreeMarkerConfigurer [Jdk14Logger.java : 99] ClassTemplateLoader for Spring macros added to FreeMarker configuration
2018-07-08 09:14:36,345 [INFO] [main] s.d.spring.web.PropertySourcedRequestMappingHandlerMapping [Jdk14Logger.java : 99] Mapped URL path [/v2/api-docs] onto method [public org.springframework.http.ResponseEntity<springfox.documentation.spring.web.json.Json> springfox.documentation.swagger2.web.Swagger2Controller.getDocumentation(java.lang.String,javax.servlet.http.HttpServletRequest)]
2018-07-08 09:14:36,739 [INFO] [main] o.s.web.servlet.handler.SimpleUrlHandlerMapping [Jdk14Logger.java : 99] Mapped URL path [/**/favicon.ico] onto handler of type [class org.springframework.web.servlet.resource.ResourceHttpRequestHandler]
2018-07-08 09:14:36,986 [INFO] [main] o.s.w.s.mvc.method.annotation.RequestMappingHandlerAdapter [Jdk14Logger.java : 99] Looking for @ControllerAdvice: org.springframework.web.context.support.GenericWebApplicationContext@1b955cac: startup date [Sun Jul 08 09:14:29 CEST 2018]; root of context hierarchy
2018-07-08 09:14:37,061 [INFO] [main] o.s.web.servlet.handler.SimpleUrlHandlerMapping [Jdk14Logger.java : 99] Mapped URL path [/webjars/**] onto handler of type [class org.springframework.web.servlet.resource.ResourceHttpRequestHandler]
2018-07-08 09:14:37,061 [INFO] [main] o.s.web.servlet.handler.SimpleUrlHandlerMapping [Jdk14Logger.java : 99] Mapped URL path [/**] onto handler of type [class org.springframework.web.servlet.resource.ResourceHttpRequestHandler]
2018-07-08 09:14:37,061 [INFO] [main] o.s.web.servlet.handler.SimpleUrlHandlerMapping [Jdk14Logger.java : 99] Mapped URL path [/statics/**] onto handler of type [class org.springframework.web.servlet.resource.ResourceHttpRequestHandler]
2018-07-08 09:14:37,082 [INFO] [main] o.s.w.s.m.m.annotation.ExceptionHandlerExceptionResolver [Jdk14Logger.java : 99] Detected @ExceptionHandler methods in RRExceptionHandler
2018-07-08 09:14:37,158 [INFO] [main] o.s.boot.autoconfigure.web.servlet.WelcomePageHandlerMapping [Jdk14Logger.java : 99] Adding welcome page template: index
2018-07-08 09:14:37,621 [INFO] [main] org.springframework.jdbc.datasource.init.ScriptUtils [Jdk14Logger.java : 99] Executing SQL script from class path resource [org/quartz/impl/jdbcjobstore/tables_h2.sql]
2018-07-08 09:14:37,649 [INFO] [main] org.springframework.jdbc.datasource.init.ScriptUtils [Jdk14Logger.java : 99] Executed SQL script from class path resource [org/quartz/impl/jdbcjobstore/tables_h2.sql] in 28 ms.
2018-07-08 09:14:37,711 [INFO] [main] org.quartz.impl.StdSchedulerFactory [StdSchedulerFactory.java : 1208] Using default implementation for ThreadExecutor
2018-07-08 09:14:37,732 [INFO] [main] org.quartz.core.SchedulerSignalerImpl [SchedulerSignalerImpl.java : 61] Initialized Scheduler Signaller of type: class org.quartz.core.SchedulerSignalerImpl
2018-07-08 09:14:37,733 [INFO] [main] org.quartz.core.QuartzScheduler [QuartzScheduler.java : 229] Quartz Scheduler v.2.3.0 created.
2018-07-08 09:14:37,734 [INFO] [main] org.quartz.simpl.RAMJobStore [RAMJobStore.java : 155] RAMJobStore initialized.
2018-07-08 09:14:37,735 [INFO] [main] org.quartz.core.QuartzScheduler [QuartzScheduler.java : 294] Scheduler meta-data: Quartz Scheduler (v2.3.0) 'quartzScheduler' with instanceId 'NON_CLUSTERED'
  Scheduler class: 'org.quartz.core.QuartzScheduler' - running locally.
  NOT STARTED.
  Currently in standby mode.
  Number of jobs executed: 0
  Using thread pool 'org.quartz.simpl.SimpleThreadPool' - with 10 threads.
  Using job-store 'org.quartz.simpl.RAMJobStore' - which does not support persistence. and is not clustered.

2018-07-08 09:14:37,736 [INFO] [main] org.quartz.impl.StdSchedulerFactory [StdSchedulerFactory.java : 1362] Quartz scheduler 'quartzScheduler' initialized from an externally provided properties instance.
2018-07-08 09:14:37,736 [INFO] [main] org.quartz.impl.StdSchedulerFactory [StdSchedulerFactory.java : 1366] Quartz scheduler version: 2.3.0
2018-07-08 09:14:37,736 [INFO] [main] org.quartz.core.QuartzScheduler [QuartzScheduler.java : 2287] JobFactory set to: org.springframework.boot.autoconfigure.quartz.AutowireCapableBeanJobFactory@7d216ee8
2018-07-08 09:14:37,890 [INFO] [main] o.springframework.context.support.DefaultLifecycleProcessor [Jdk14Logger.java : 99] Starting beans in phase 2147483647
2018-07-08 09:14:37,890 [INFO] [main] s.d.spring.web.plugins.DocumentationPluginsBootstrapper [DocumentationPluginsBootstrapper.java : 147] Context refreshed
2018-07-08 09:14:37,940 [INFO] [main] s.d.spring.web.plugins.DocumentationPluginsBootstrapper [DocumentationPluginsBootstrapper.java : 150] Found 1 custom documentation plugin(s)
2018-07-08 09:14:37,974 [INFO] [main] s.d.spring.web.scanners.ApiListingReferenceScanner [ApiListingReferenceScanner.java : 41] Scanning for api listing references
2018-07-08 09:14:37,986 [INFO] [main] org.springframework.scheduling.quartz.SchedulerFactoryBean [Jdk14Logger.java : 99] Starting Quartz Scheduler now
2018-07-08 09:14:37,987 [INFO] [main] org.quartz.core.QuartzScheduler [QuartzScheduler.java : 547] Scheduler quartzScheduler_$_NON_CLUSTERED started.
2018-07-08 09:14:37,998 [INFO] [main] io.renren.RedisTest [Jdk14Logger.java : 99] Started RedisTest in 8.891 seconds (JVM running for 10.09)
2018-07-08 09:14:38,208 [INFO] [Thread-2] o.s.web.context.support.GenericWebApplicationContext [Jdk14Logger.java : 99] Closing org.springframework.web.context.support.GenericWebApplicationContext@1b955cac: startup date [Sun Jul 08 09:14:29 CEST 2018]; root of context hierarchy
2018-07-08 09:14:38,212 [INFO] [Thread-2] org.quartz.core.QuartzScheduler [QuartzScheduler.java : 585] Scheduler quartzScheduler_$_NON_CLUSTERED paused.
2018-07-08 09:14:38,213 [INFO] [Thread-2] org.quartz.core.QuartzScheduler [QuartzScheduler.java : 666] Scheduler quartzScheduler_$_NON_CLUSTERED shutting down.
2018-07-08 09:14:38,213 [INFO] [Thread-2] org.quartz.core.QuartzScheduler [QuartzScheduler.java : 585] Scheduler quartzScheduler_$_NON_CLUSTERED paused.
2018-07-08 09:14:38,214 [INFO] [Thread-2] org.quartz.core.QuartzScheduler [QuartzScheduler.java : 740] Scheduler quartzScheduler_$_NON_CLUSTERED shutdown complete.
2018-07-08 09:14:38,233 [INFO] [Thread-2] o.h.t.s.internal.SchemaDropperImpl$DelayedDropActionImpl [SchemaDropperImpl.java : 524] HHH000477: Starting delayed drop of schema as part of SessionFactory shut-down'
2018-07-08 09:14:38,250 [INFO] [Thread-2] com.alibaba.druid.pool.DruidDataSource [DruidDataSource.java : 1825] {dataSource-1} closed
